[18:17:31] [main/INFO]: Setting user: Player389
[18:17:32] [Client thread/INFO]: LWJGL Version: 2.9.1
[18:17:32] [Client thread/ERROR]: Couldn't initialize twitch stream
[18:17:37] [Client thread/INFO]: Reloading ResourceManager: Default, FMLFileResourcePack:Forge Mod Loader, FMLFileResourcePack:Minecraft Forge, FMLFileResourcePack:Reprise of the Fallen
[18:17:38] [Client thread/INFO]: Created: 16x16 textures/blocks-atlas
[18:17:38] [Client thread/INFO]: Created: 16x16 textures/items-atlas
[18:17:38] [Sound Library Loader/INFO]: Sound engine started
[18:17:38] [Client thread/INFO]: Reloading ResourceManager: Default, FMLFileResourcePack:Forge Mod Loader, FMLFileResourcePack:Minecraft Forge, FMLFileResourcePack:Reprise of the Fallen
[18:17:39] [Client thread/INFO]: Created: 512x256 textures/blocks-atlas
[18:17:39] [Client thread/INFO]: Created: 256x256 textures/items-atlas
[18:17:40] [Sound Library Loader/INFO]: Sound engine started
[18:17:42] [Server thread/INFO]: Starting integrated minecraft server version 1.7.10
[18:17:42] [Server thread/INFO]: Generating keypair
[18:17:42] [Server thread/INFO]: Preparing start region for level 0
[18:17:43] [Server thread/INFO]: Changing view distance to 12, from 10
[18:17:44] [Server thread/INFO]: Player389[local:E:4f5538e0] logged in with entity id 122 at (-160.48378818445968, 65.37798836680138, 227.38590404557144)
[18:17:44] [Server thread/INFO]: Player389 joined the game
[18:18:15] [Server thread/INFO]: Saving and pausing game...
[18:18:15] [Server thread/INFO]: Saving chunks for level 'Mod Test'/Overworld
[18:18:15] [Server thread/INFO]: Saving chunks for level 'Mod Test'/Nether
[18:18:15] [Server thread/INFO]: Saving chunks for level 'Mod Test'/The End
[18:18:16] [Client thread/INFO]: Stopping!
[18:18:16] [Server thread/INFO]: Stopping server
[18:18:16] [Server thread/INFO]: Saving players
[18:18:16] [Server thread/INFO]: Saving worlds
[18:18:16] [Server thread/INFO]: Saving chunks for level 'Mod Test'/Overworld
[18:18:16] [Server thread/INFO]: Saving chunks for level 'Mod Test'/Nether
[18:18:16] [Server thread/INFO]: Saving chunks for level 'Mod Test'/The End
